{
  "RSpec": {
    "coverage": {
      "/home/mapjohns/Development/NewFolder/Phase0/tic-tac-toe-rb/lib/tic_tac_toe.rb": [
        1,
        1,
        null,
        1,
        23,
        23,
        23,
        23,
        23,
        null,
        null,
        1,
        22,
        22,
        null,
        null,
        1,
        21,
        null,
        null,
        1,
        22,
        19,
        3,
        0,
        null,
        null,
        null,
        1,
        216,
        175,
        41,
        41,
        null,
        null,
        null,
        1,
        20,
        20,
        180,
        31,
        null,
        null,
        20,
        null,
        null,
        1,
        19,
        null,
        null,
        null,
        1,
        18,
        18,
        18,
        18,
        1,
        1,
        1,
        null,
        18,
        18,
        null,
        null,
        1,
        75,
        75,
        600,
        37,
        null,
        null,
        75,
        null,
        null,
        null,
        1,
        25,
        25,
        225,
        117,
        null,
        null,
        25,
        null,
        null,
        null,
        1,
        22,
        null,
        null,
        1,
        20,
        10,
        null,
        10,
        null,
        null,
        null,
        1,
        7,
        6,
        null,
        null,
        null,
        null,
        null,
        1,
        12,
        16,
        null,
        null,
        12,
        5,
        null,
        7,
        null,
        null
      ]
    },
    "timestamp": 1660875527
  }
}
